[13/Dec/2019:17:54:16] (ℹ️): WordPress Instance Info:
[13/Dec/2019:17:54:16] (ℹ️): Home URL : http://localhost/WordPress
[13/Dec/2019:17:54:16] (ℹ️): Site URL : http://localhost/WordPress
[13/Dec/2019:17:54:16] (ℹ️): WordPress Version : 5.3.1
[13/Dec/2019:17:54:16] (ℹ️): Onboarding Version : 1.7.12
[13/Dec/2019:17:54:16] (ℹ️): Multisite : No
[13/Dec/2019:17:54:16] (ℹ️): Server Info : Apache/2.4.41 (Win64) OpenSSL/1.1.1c PHP/7.3.11
[13/Dec/2019:17:54:16] (ℹ️): PHP Version : 7.3.11
[13/Dec/2019:17:54:16] (ℹ️): HTTPS : No
[13/Dec/2019:17:54:16] (ℹ️): PHP Max Execution Time : 120
[13/Dec/2019:17:54:16] (ℹ️): PHP Max Input Vars : 1000
[13/Dec/2019:17:54:16] (ℹ️): Max Upload Size : 41943040
[13/Dec/2019:17:54:16] (ℹ️): Plugins:
[13/Dec/2019:17:54:16] (ℹ️): [PLUGIN] Akismet Anti-Spam : v4.1.3 (Automattic)
[13/Dec/2019:17:54:16] (ℹ️): [PLUGIN] Editor clásico : v1.5 (Colaboradores de WordPress)
[13/Dec/2019:17:54:16] (ℹ️): [PLUGIN] Ninja Forms : v3.4.22 (Los WP Ninjas)
[13/Dec/2019:17:54:16] (ℹ️): [PLUGIN] Gutenberg Blocks and Template Library by Otter : v1.3.1 (ThemeIsle)
[13/Dec/2019:17:54:16] (ℹ️): [PLUGIN] Free &amp; Simple Contact Form Plugin - Pirateforms : v2.5.2 (WPForms)
[13/Dec/2019:17:54:16] (ℹ️): [PLUGIN] Orbit Fox Companion : v2.8.14 (ThemeIsle)
[13/Dec/2019:17:54:16] (ℹ️): [PLUGIN] WP-PageNavi : v2.93.1 (Lester 'GaMerZ' Chan)
